<?xml version="1.0" encoding="UTF-8"?>
<testng-results ignored="0" total="0" passed="0" failed="0" skipped="0">
  <reporter-output>
  </reporter-output>
  <suite started-at="2024-11-08T08:35:25 IST" name="Default suite" finished-at="2024-11-08T08:35:26 IST" duration-ms="736">
    <groups>
      <group name="cucumber">
        <method signature="AbstractTestNGCucumberTests.runScenario(io.cucumber.testng.PickleWrapper,io.cucumber.testng.FeatureWrapper)[pri:0, instance:cucumber.testRunner.TestNGTestRunner@5e0e82ae]" name="runScenario" class="io.cucumber.testng.AbstractTestNGCucumberTests"/>
      </group> <!-- cucumber -->
    </groups>
    <test started-at="2024-11-08T08:35:25 IST" name="Default test" finished-at="2024-11-08T08:35:26 IST" duration-ms="736">
      <class name="cucumber.testRunner.TestNGTestRunner">
        <test-method is-config="true" signature="setUpClass(org.testng.ITestContext)[pri:0, instance:cucumber.testRunner.TestNGTestRunner@5e0e82ae]" started-at="2024-11-08T08:35:25 IST" name="setUpClass" finished-at="2024-11-08T08:35:26 IST" duration-ms="645" status="PASS">
          <params>
            <param index="0">
              <value>
                <![CDATA[org.testng.TestRunner@2e029d61]]>
              </value>
            </param>
          </params>
          <reporter-output>
          </reporter-output>
        </test-method> <!-- setUpClass -->
        <test-method is-config="true" signature="tearDownClass()[pri:0, instance:cucumber.testRunner.TestNGTestRunner@5e0e82ae]" started-at="2024-11-08T08:35:26 IST" name="tearDownClass" finished-at="2024-11-08T08:35:26 IST" duration-ms="53" status="PASS">
          <reporter-output>
          </reporter-output>
        </test-method> <!-- tearDownClass -->
      </class> <!-- cucumber.testRunner.TestNGTestRunner -->
    </test> <!-- Default test -->
  </suite> <!-- Default suite -->
</testng-results>
